\BOOKMARK [1][-]{section.1}{\376\377\000I\000n\000t\000r\000o\000d\000u\000c\000t\000i\000o\000n}{}% 1
\BOOKMARK [2][-]{subsection.1.1}{\376\377\000D\000e\000v\000e\000l\000o\000p\000m\000e\000n\000t\000\040\000e\000n\000v\000i\000r\000o\000n\000m\000e\000n\000t}{section.1}% 2
\BOOKMARK [3][-]{subsubsection.1.1.1}{\376\377\000H\000a\000r\000d\000w\000a\000r\000e}{subsection.1.1}% 3
\BOOKMARK [3][-]{subsubsection.1.1.2}{\376\377\000H\000o\000w\000\040\000w\000e\000\040\000o\000p\000t\000i\000m\000i\000s\000e\000d\000\040\000t\000h\000e\000\040\000p\000e\000r\000f\000o\000r\000m\000a\000n\000c\000e\000?}{subsection.1.1}% 4
\BOOKMARK [3][-]{subsubsection.1.1.3}{\376\377\000C\000A\000R\000L\000A\000\040\000S\000i\000m\000u\000l\000a\000t\000o\000r}{subsection.1.1}% 5
\BOOKMARK [2][-]{subsection.1.2}{\376\377\000T\000a\000s\000k}{section.1}% 6
\BOOKMARK [2][-]{subsection.1.3}{\376\377\000B\000a\000s\000e\000l\000i\000n\000e\000\040\000p\000r\000o\000v\000i\000d\000e\000d}{section.1}% 7
\BOOKMARK [1][-]{section.2}{\376\377\000O\000p\000e\000r\000a\000t\000i\000o\000n\000a\000l\000\040\000D\000e\000s\000i\000g\000n\000\040\000D\000o\000m\000a\000i\000n}{}% 8
\BOOKMARK [2][-]{subsection.2.1}{\376\377\000T\000r\000a\000f\000f\000i\000c\000\040\000S\000c\000e\000n\000a\000r\000i\000o}{section.2}% 9
\BOOKMARK [3][-]{subsubsection.2.1.1}{\376\377\000C\000o\000n\000t\000r\000o\000l\000\040\000l\000o\000s\000s}{subsection.2.1}% 10
\BOOKMARK [3][-]{subsubsection.2.1.2}{\376\377\000T\000r\000a\000f\000f\000i\000c\000\040\000n\000e\000g\000o\000t\000i\000a\000t\000i\000o\000n}{subsection.2.1}% 11
\BOOKMARK [3][-]{subsubsection.2.1.3}{\376\377\000O\000b\000s\000t\000a\000c\000l\000e\000\040\000a\000v\000o\000i\000d\000a\000n\000c\000e}{subsection.2.1}% 12
\BOOKMARK [3][-]{subsubsection.2.1.4}{\376\377\000B\000r\000a\000k\000i\000n\000g\000\040\000a\000n\000d\000\040\000l\000a\000n\000e\000\040\000c\000h\000a\000n\000g\000i\000n\000g}{subsection.2.1}% 13
\BOOKMARK [1][-]{section.3}{\376\377\000V\000e\000h\000i\000c\000l\000e\000\040\000c\000o\000n\000f\000i\000g\000u\000r\000a\000t\000i\000o\000n}{}% 14
\BOOKMARK [1][-]{section.4}{\376\377\000E\000v\000a\000l\000u\000a\000t\000i\000o\000n\000\040\000a\000n\000d\000\040\000m\000e\000t\000r\000i\000c\000s}{}% 15
\BOOKMARK [2][-]{subsection.4.1}{\376\377\000I\000n\000f\000r\000a\000c\000t\000i\000o\000n\000s\000\040\000a\000n\000d\000\040\000s\000h\000u\000t\000d\000o\000w\000n\000\040\000e\000v\000e\000n\000t\000s}{section.4}% 16
\BOOKMARK [1][-]{section.5}{\376\377\000P\000r\000o\000j\000e\000c\000t\000\040\000d\000e\000v\000e\000l\000o\000p\000m\000e\000n\000t\000\040\000a\000n\000d\000\040\000p\000h\000a\000s\000e\000s\000\040}{}% 17
\BOOKMARK [2][-]{subsection.5.1}{\376\377\000C\000o\000n\000t\000r\000o\000l\000l\000e\000r\000s}{section.5}% 18
\BOOKMARK [3][-]{subsubsection.5.1.1}{\376\377\000P\000I\000D\000\040\000C\000o\000n\000t\000r\000o\000l\000l\000e\000r}{subsection.5.1}% 19
\BOOKMARK [3][-]{subsubsection.5.1.2}{\376\377\000S\000t\000a\000n\000l\000e\000y\000\040\000C\000o\000n\000t\000r\000o\000l\000l\000e\000r}{subsection.5.1}% 20
\BOOKMARK [2][-]{subsection.5.2}{\376\377\000O\000b\000s\000t\000a\000c\000l\000e\000\040\000a\000v\000o\000i\000d\000a\000n\000c\000e\000\040\000a\000n\000d\000\040\000o\000v\000e\000r\000t\000a\000k\000e}{section.5}% 21
\BOOKMARK [2][-]{subsection.5.3}{\376\377\000S\000t\000o\000p\000\040\000s\000i\000g\000n\000\040\000a\000n\000d\000\040\000T\000r\000a\000f\000f\000i\000c\000\040\000n\000e\000g\000o\000t\000i\000a\000t\000i\000o\000n}{section.5}% 22
\BOOKMARK [2][-]{subsection.5.4}{\376\377\000O\000t\000h\000e\000r\000\040\000v\000e\000h\000i\000c\000l\000e\000s\000\040\000i\000n\000v\000a\000d\000i\000n\000g\000\040\000t\000h\000e\000\040\000e\000g\000o\000\040\000l\000a\000n\000e}{section.5}% 23
\BOOKMARK [2][-]{subsection.5.5}{\376\377\000P\000e\000d\000e\000s\000t\000r\000i\000a\000n\000\040\000a\000v\000o\000i\000d\000a\000n\000c\000e\000\040\000b\000e\000h\000a\000v\000i\000o\000r\000s}{section.5}% 24
\BOOKMARK [1][-]{section.6}{\376\377\000Q\000u\000a\000l\000i\000t\000a\000t\000i\000v\000e\000\040\000a\000n\000a\000l\000y\000s\000i\000s\000\040\000o\000f\000\040\000r\000e\000s\000u\000l\000t\000s}{}% 25
\BOOKMARK [2][-]{subsection.6.1}{\376\377\000V\000i\000d\000e\000o}{section.6}% 26
\BOOKMARK [2][-]{subsection.6.2}{\376\377\000C\000o\000n\000t\000r\000o\000l\000\040\000l\000o\000s\000s}{section.6}% 27
\BOOKMARK [2][-]{subsection.6.3}{\376\377\000T\000r\000a\000f\000f\000i\000c\000\040\000n\000e\000g\000o\000t\000i\000a\000t\000i\000o\000n}{section.6}% 28
\BOOKMARK [3][-]{subsubsection.6.3.1}{\376\377\000R\000i\000g\000h\000t\000\040\000t\000u\000r\000n\000\040\000a\000t\000\040\000a\000n\000\040\000i\000n\000t\000e\000r\000s\000e\000c\000t\000i\000o\000n\000\040\000w\000i\000t\000h\000\040\000c\000r\000o\000s\000s\000i\000n\000g\000\040\000t\000r\000a\000f\000f\000i\000c}{subsection.6.3}% 29
\BOOKMARK [3][-]{subsubsection.6.3.2}{\376\377\000U\000n\000p\000r\000o\000t\000e\000c\000t\000e\000d\000\040\000l\000e\000f\000t\000\040\000t\000u\000r\000n\000\040\000a\000t\000\040\000i\000n\000t\000e\000r\000s\000e\000c\000t\000i\000o\000n\000\040\000w\000i\000t\000h\000\040\000o\000n\000c\000o\000m\000i\000n\000g\000\040\000t\000r\000a\000f\000f\000i\000c}{subsection.6.3}% 30
\BOOKMARK [2][-]{subsection.6.4}{\376\377\000O\000b\000s\000t\000a\000c\000l\000e\000\040\000a\000v\000o\000i\000d\000a\000n\000c\000e}{section.6}% 31
\BOOKMARK [3][-]{subsubsection.6.4.1}{\376\377\000O\000b\000s\000t\000a\000c\000l\000e\000\040\000i\000n\000\040\000l\000a\000n\000e}{subsection.6.4}% 32
\BOOKMARK [3][-]{subsubsection.6.4.2}{\376\377\000S\000l\000o\000w\000\040\000m\000o\000v\000i\000n\000g\000\040\000h\000a\000z\000a\000r\000d\000\040\000a\000t\000\040\000l\000a\000n\000e\000\040\000e\000d\000g\000e}{subsection.6.4}% 33
\BOOKMARK [3][-]{subsubsection.6.4.3}{\376\377\000V\000e\000h\000i\000c\000l\000e\000\040\000i\000n\000v\000a\000d\000i\000n\000g\000\040\000l\000a\000n\000e\000\040\000o\000n\000\040\000b\000e\000n\000d}{subsection.6.4}% 34
\BOOKMARK [2][-]{subsection.6.5}{\376\377\000B\000r\000a\000k\000i\000n\000g\000\040\000a\000n\000d\000\040\000l\000a\000n\000e\000\040\000c\000h\000a\000n\000g\000i\000n\000g}{section.6}% 35
\BOOKMARK [3][-]{subsubsection.6.5.1}{\376\377\000L\000o\000n\000g\000i\000t\000u\000d\000i\000n\000a\000l\000\040\000c\000o\000n\000t\000r\000o\000l\000\040\000a\000f\000t\000e\000r\000\040\000l\000e\000a\000d\000i\000n\000g\000\040\000v\000e\000h\000i\000c\000l\000e\040\031\000s\000\040\000b\000r\000a\000k\000e}{subsection.6.5}% 36
\BOOKMARK [3][-]{subsubsection.6.5.2}{\376\377\000O\000b\000s\000t\000a\000c\000l\000e\000\040\000a\000v\000o\000i\000d\000a\000n\000c\000e\000\040\000w\000i\000t\000h\000o\000u\000t\000\040\000p\000r\000i\000o\000r\000\040\000a\000c\000t\000i\000o\000n}{subsection.6.5}% 37
\BOOKMARK [3][-]{subsubsection.6.5.3}{\376\377\000P\000e\000d\000e\000s\000t\000r\000i\000a\000n\000\040\000e\000m\000e\000r\000g\000i\000n\000g\000\040\000f\000r\000o\000m\000\040\000b\000e\000h\000i\000n\000d\000\040\000p\000a\000r\000k\000e\000d\000\040\000v\000e\000h\000i\000c\000l\000e}{subsection.6.5}% 38
\BOOKMARK [3][-]{subsubsection.6.5.4}{\376\377\000O\000b\000s\000t\000a\000c\000l\000e\000\040\000a\000v\000o\000i\000d\000a\000n\000c\000e\000\040\000w\000i\000t\000h\000\040\000p\000r\000i\000o\000r\000\040\000a\000c\000t\000i\000o\000n\000\040\000-\000\040\000p\000e\000d\000e\000s\000t\000r\000i\000a\000n\000\040\000o\000r\000\040\000b\000i\000c\000y\000c\000l\000e}{subsection.6.5}% 39
\BOOKMARK [3][-]{subsubsection.6.5.5}{\376\377\000O\000b\000s\000t\000a\000c\000l\000e\000\040\000a\000v\000o\000i\000d\000a\000n\000c\000e\000\040\000w\000i\000t\000h\000\040\000p\000r\000i\000o\000r\000\040\000a\000c\000t\000i\000o\000n\000\040\000-\000\040\000v\000e\000h\000i\000c\000l\000e}{subsection.6.5}% 40
\BOOKMARK [1][-]{section.7}{\376\377\000F\000u\000t\000u\000r\000e\000\040\000I\000m\000p\000r\000o\000v\000e\000m\000e\000n\000t\000s\000\040\000a\000n\000d\000\040\000E\000r\000r\000o\000r\000s}{}% 41
\BOOKMARK [2][-]{subsection.7.1}{\376\377\000E\000r\000r\000o\000r\000s\000\040\000o\000r\000\040\000m\000i\000s\000s\000i\000n\000g\000\040\000f\000e\000a\000t\000u\000r\000e}{section.7}% 42
\BOOKMARK [2][-]{subsection.7.2}{\376\377\000E\000r\000r\000o\000r\000s\000\040\000c\000a\000u\000s\000e\000d\000\040\000b\000y\000\040\000t\000h\000e\000\040\000s\000i\000m\000u\000l\000a\000t\000o\000r}{section.7}% 43
\BOOKMARK [2][-]{subsection.7.3}{\376\377\000P\000o\000s\000s\000i\000b\000l\000e\000\040\000i\000m\000p\000r\000o\000v\000e\000m\000e\000n\000t\000s\000\040\000a\000n\000d\000\040\000a\000d\000v\000a\000n\000t\000a\000g\000e\000s\000\040\000t\000h\000a\000t\000\040\000c\000o\000u\000l\000d\000\040\000t\000h\000e\000y\000\040\000b\000r\000i\000n\000g}{section.7}% 44
